<?xml version="1.0" encoding="UTF-8"?>
<!-- Generated by org.testng.reporters.JUnitXMLReporter -->
<testsuite ignored="0" hostname="DESKTOP-6HBCS8O" failures="10" tests="10" name="ALJTC001" time="13.917" errors="0" timestamp="2021-04-28T17:42:19 IST">
  <testcase classname="test.alj.ALJTC001" name="scenario01" time="0.002">
    <failure type="java.lang.ArrayIndexOutOfBoundsException" message="Index 1 out of bounds for length 1">
      <![CDATA[java.lang.ArrayIndexOutOfBoundsException: Index 1 out of bounds for length 1
at automation.helper.CustomisedListener.onTestStart(CustomisedListener.java:52)
at java.base/java.util.ArrayList.forEach(ArrayList.java:1511)
... Removed 24 stack frames]]>
    </failure>
  </testcase> <!-- scenario01 -->
  <testcase classname="test.alj.ALJTC001" name="scenario02" time="0.003">
    <failure type="java.lang.ArrayIndexOutOfBoundsException" message="Index 1 out of bounds for length 1">
      <![CDATA[java.lang.ArrayIndexOutOfBoundsException: Index 1 out of bounds for length 1
at automation.helper.CustomisedListener.onTestStart(CustomisedListener.java:52)
at java.base/java.util.ArrayList.forEach(ArrayList.java:1511)
... Removed 24 stack frames]]>
    </failure>
  </testcase> <!-- scenario02 -->
  <testcase classname="test.alj.ALJTC001" name="scenario03" time="0.004">
    <failure type="java.lang.ArrayIndexOutOfBoundsException" message="Index 1 out of bounds for length 1">
      <![CDATA[java.lang.ArrayIndexOutOfBoundsException: Index 1 out of bounds for length 1
at automation.helper.CustomisedListener.onTestStart(CustomisedListener.java:52)
at java.base/java.util.ArrayList.forEach(ArrayList.java:1511)
... Removed 24 stack frames]]>
    </failure>
  </testcase> <!-- scenario03 -->
  <testcase classname="test.alj.ALJTC001" name="scenario04" time="0.003">
    <failure type="java.lang.ArrayIndexOutOfBoundsException" message="Index 1 out of bounds for length 1">
      <![CDATA[java.lang.ArrayIndexOutOfBoundsException: Index 1 out of bounds for length 1
at automation.helper.CustomisedListener.onTestStart(CustomisedListener.java:52)
at java.base/java.util.ArrayList.forEach(ArrayList.java:1511)
... Removed 24 stack frames]]>
    </failure>
  </testcase> <!-- scenario04 -->
  <testcase classname="test.alj.ALJTC001" name="scenario05" time="0.003">
    <failure type="java.lang.ArrayIndexOutOfBoundsException" message="Index 1 out of bounds for length 1">
      <![CDATA[java.lang.ArrayIndexOutOfBoundsException: Index 1 out of bounds for length 1
at automation.helper.CustomisedListener.onTestStart(CustomisedListener.java:52)
at java.base/java.util.ArrayList.forEach(ArrayList.java:1511)
... Removed 24 stack frames]]>
    </failure>
  </testcase> <!-- scenario05 -->
  <testcase classname="test.alj.ALJTC001" name="scenario06" time="0.001">
    <failure type="java.lang.ArrayIndexOutOfBoundsException" message="Index 1 out of bounds for length 1">
      <![CDATA[java.lang.ArrayIndexOutOfBoundsException: Index 1 out of bounds for length 1
at automation.helper.CustomisedListener.onTestStart(CustomisedListener.java:52)
at java.base/java.util.ArrayList.forEach(ArrayList.java:1511)
... Removed 24 stack frames]]>
    </failure>
  </testcase> <!-- scenario06 -->
  <testcase classname="test.alj.ALJTC001" name="scenario07" time="0.003">
    <failure type="java.lang.ArrayIndexOutOfBoundsException" message="Index 1 out of bounds for length 1">
      <![CDATA[java.lang.ArrayIndexOutOfBoundsException: Index 1 out of bounds for length 1
at automation.helper.CustomisedListener.onTestStart(CustomisedListener.java:52)
at java.base/java.util.ArrayList.forEach(ArrayList.java:1511)
... Removed 24 stack frames]]>
    </failure>
  </testcase> <!-- scenario07 -->
  <testcase classname="test.alj.ALJTC001" name="scenario08" time="0.005">
    <failure type="java.lang.ArrayIndexOutOfBoundsException" message="Index 1 out of bounds for length 1">
      <![CDATA[java.lang.ArrayIndexOutOfBoundsException: Index 1 out of bounds for length 1
at automation.helper.CustomisedListener.onTestStart(CustomisedListener.java:52)
at java.base/java.util.ArrayList.forEach(ArrayList.java:1511)
... Removed 24 stack frames]]>
    </failure>
  </testcase> <!-- scenario08 -->
  <testcase classname="test.alj.ALJTC001" name="scenario09" time="0.017">
    <failure type="java.lang.ArrayIndexOutOfBoundsException" message="Index 1 out of bounds for length 1">
      <![CDATA[java.lang.ArrayIndexOutOfBoundsException: Index 1 out of bounds for length 1
at automation.helper.CustomisedListener.onTestStart(CustomisedListener.java:52)
at java.base/java.util.ArrayList.forEach(ArrayList.java:1511)
... Removed 24 stack frames]]>
    </failure>
  </testcase> <!-- scenario09 -->
  <testcase classname="test.alj.ALJTC001" name="scenario10" time="0.003">
    <failure type="java.lang.ArrayIndexOutOfBoundsException" message="Index 1 out of bounds for length 1">
      <![CDATA[java.lang.ArrayIndexOutOfBoundsException: Index 1 out of bounds for length 1
at automation.helper.CustomisedListener.onTestStart(CustomisedListener.java:52)
at java.base/java.util.ArrayList.forEach(ArrayList.java:1511)
... Removed 24 stack frames]]>
    </failure>
  </testcase> <!-- scenario10 -->
</testsuite> <!-- ALJTC001 -->
