<?xml version="1.0" encoding="UTF-8"?>
<!-- Generated by org.testng.reporters.JUnitXMLReporter -->
<testsuite ignored="0" hostname="DESKTOP-6HBCS8O" failures="1" tests="1" name="LoginTC001" time="26.962" errors="0" timestamp="2021-04-28T17:42:05 IST">
  <testcase classname="test.java.automation.tcRepository.Login.LoginTC001" name="scenario01" time="11.981">
    <failure type="java.lang.NullPointerException" message="Cannot invoke &amp;quot;Object.toString()&amp;quot; because the return value of &amp;quot;automation.helper.SQLHelper.getResult(String)&amp;quot; is null">
      <![CDATA[java.lang.NullPointerException: Cannot invoke "Object.toString()" because the return value of "automation.helper.SQLHelper.getResult(String)" is null
at main.java.automation.PageObject.TwoStepLogin.clientId(TwoStepLogin.java:39)
at main.java.automation.PageObject.TwoStepLogin.enterToken(TwoStepLogin.java:24)
at automation.coreClasses.BasePreCondition.doLogin(BasePreCondition.java:50)
at automation.coreClasses.BasePreCondition.doLogin(BasePreCondition.java:30)
at test.java.automation.tcRepository.Login.LoginTC001.scenario01(LoginTC001.java:34)
at java.base/java.util.ArrayList.forEach(ArrayList.java:1511)
... Removed 27 stack frames]]>
    </failure>
  </testcase> <!-- scenario01 -->
</testsuite> <!-- LoginTC001 -->
