<?xml version="1.0" encoding="UTF-8"?>
<!-- Generated by org.testng.reporters.JUnitXMLReporter -->
<testsuite hostname="PHO015" ignored="0" name="LoginTC001" tests="1" failures="1" timestamp="17 Apr 2020 13:59:57 GMT" time="26.908" errors="0">
  <testcase name="scenario01" time="11.752" classname="automation.tcRepository.Login.LoginTC001">
    <failure type="java.lang.NullPointerException">
      <![CDATA[java.lang.NullPointerException
	at automation.PageObject.TwoStepLogin.clientId(TwoStepLogin.java:39)
	at automation.PageObject.TwoStepLogin.enterToken(TwoStepLogin.java:24)
	at automation.coreClasses.BasePreCondition.doLogin(BasePreCondition.java:49)
	at automation.coreClasses.BasePreCondition.doLogin(BasePreCondition.java:29)
	at automation.tcRepository.Login.LoginTC001.scenario01(LoginTC001.java:34)
... Removed 28 stack frames]]>
    </failure>
  </testcase> <!-- scenario01 -->
</testsuite> <!-- LoginTC001 -->
